<?xml version="1.0" encoding="UTF-8"?>
<!-- Generated by org.testng.reporters.JUnitReportReporter -->
<testsuite skipped="0" hostname="DESKTOP-8SDMDJS" name="pom_pattern.use_browserPage" tests="1" failures="0" timestamp="15 Feb 2019 17:47:31 GMT" time="6.196" errors="0">
  <testcase name="browserType" time="6.196" classname="pom_pattern.use_browserPage"/>
</testsuite> <!-- pom_pattern.use_browserPage -->
