<?xml version="1.0" encoding="UTF-8"?>
<!-- Generated by org.testng.reporters.JUnitReportReporter -->
<testsuite skipped="0" hostname="DESKTOP-8SDMDJS" name="pom_pattern.page1" tests="1" failures="0" timestamp="15 Feb 2019 19:33:22 GMT" time="11.952" errors="0">
  <testcase name="p" time="11.952" classname="pom_pattern.page1"/>
</testsuite> <!-- pom_pattern.page1 -->
