<?xml version="1.0" encoding="UTF-8"?>
<!-- Generated by org.testng.reporters.JUnitReportReporter -->
<testsuite skipped="0" hostname="DESKTOP-8SDMDJS" name="selenium.AppiumTest" tests="1" failures="0" timestamp="07 Mar 2019 20:23:02 GMT" time="0.024" errors="0">
  <testcase name="myAppiumtest" time="0.024" classname="selenium.AppiumTest"/>
</testsuite> <!-- selenium.AppiumTest -->
