<?xml version="1.0" encoding="UTF-8"?>
<!-- Generated by org.testng.reporters.JUnitReportReporter -->
<testsuite skipped="0" hostname="DESKTOP-8SDMDJS" name="excelDataDriven.callUtility" tests="1" failures="0" timestamp="17 Feb 2019 20:38:50 GMT" time="1.042" errors="0">
  <testcase name="mytest" time="1.042" classname="excelDataDriven.callUtility"/>
</testsuite> <!-- excelDataDriven.callUtility -->
