<?xml version="1.0" encoding="UTF-8"?>
<!-- Generated by org.testng.reporters.JUnitReportReporter -->
<testsuite skipped="0" hostname="DESKTOP-8SDMDJS" name="packageLog4j.log4jClass" tests="1" failures="0" timestamp="21 Feb 2019 16:24:53 GMT" time="0.016" errors="0">
  <testcase name="logg" time="0.016" classname="packageLog4j.log4jClass"/>
</testsuite> <!-- packageLog4j.log4jClass -->
