<?xml version="1.0" encoding="UTF-8"?>
<!-- Generated by org.testng.reporters.JUnitReportReporter -->
<testsuite skipped="0" hostname="DESKTOP-8SDMDJS" name="selenium.RestApiTest" tests="1" failures="0" timestamp="07 Mar 2019 20:23:02 GMT" time="0.000" errors="0">
  <testcase name="myRestApitest" time="0.000" classname="selenium.RestApiTest"/>
</testsuite> <!-- selenium.RestApiTest -->
