<?xml version="1.0" encoding="UTF-8"?>
<!-- Generated by org.testng.reporters.JUnitReportReporter -->
<testsuite skipped="0" hostname="DESKTOP-8SDMDJS" name="selenium.seleniumTest" tests="1" failures="0" timestamp="07 Mar 2019 20:23:02 GMT" time="6.016" errors="0">
  <testcase name="myseleniumtest" time="6.016" classname="selenium.seleniumTest"/>
</testsuite> <!-- selenium.seleniumTest -->
